{"meta": {"format": 3, "version": "7.12.0", "timestamp": "2025-11-24T02:26:17.248732", "branch_coverage": false, "show_contexts": false}, "files": {"services/e8-api/app.py": {"executed_lines": [1, 6, 7, 8, 9, 10, 12, 13, 15, 22, 31, 32, 33, 37, 38, 41, 42, 43, 44, 45, 46, 49, 50, 51, 54, 55, 56, 57, 60, 61, 62, 65, 66, 67, 70, 71, 72, 75, 76, 77, 78, 79, 80, 83, 84, 87, 88, 91, 92, 93, 94, 95, 98, 109, 110, 119, 120, 133, 134, 146, 147, 164, 165, 181, 182, 202, 203, 214, 215, 234, 235, 253], "summary": {"covered_lines": 71, "num_statements": 123, "percent_covered": 57.72357723577236, "percent_covered_display": "58", "missing_lines": 52, "excluded_lines": 0, "percent_statements_covered": 57.72357723577236, "percent_statements_covered_display": "58"}, "missing_lines": [100, 112, 126, 127, 128, 129, 130, 138, 139, 140, 141, 142, 143, 151, 152, 153, 154, 156, 160, 161, 169, 170, 171, 173, 177, 178, 186, 187, 188, 189, 191, 198, 199, 207, 208, 209, 210, 211, 219, 220, 221, 223, 230, 231, 239, 240, 241, 243, 249, 250, 254, 255], "excluded_lines": [], "functions": {"e8_point_to_dict": {"executed_lines": [], "summary": {"covered_lines": 0, "num_statements": 1, "percent_covered": 0.0, "percent_covered_display": "0", "missing_lines": 1, "excluded_lines": 0, "percent_statements_covered": 0.0, "percent_statements_covered_display": "0"}, "missing_lines": [100], "excluded_lines": []}, "health_check": {"executed_lines": [], "summary": {"covered_lines": 0, "num_statements": 1, "percent_covered": 0.0, "percent_covered_display": "0", "missing_lines": 1, "excluded_lines": 0, "percent_statements_covered": 0.0, "percent_statements_covered_display": "0"}, "missing_lines": [112], "excluded_lines": []}, "get_e8_point": {"executed_lines": [], "summary": {"covered_lines": 0, "num_statements": 5, "percent_covered": 0.0, "percent_covered_display": "0", "missing_lines": 5, "excluded_lines": 0, "percent_statements_covered": 0.0, "percent_statements_covered_display": "0"}, "missing_lines": [126, 127, 128, 129, 130], "excluded_lines": []}, "verify_frbac_delegation": {"executed_lines": [], "summary": {"covered_lines": 0, "num_statements": 6, "percent_covered": 0.0, "percent_covered_display": "0", "missing_lines": 6, "excluded_lines": 0, "percent_statements_covered": 0.0, "percent_statements_covered_display": "0"}, "missing_lines": [138, 139, 140, 141, 142, 143], "excluded_lines": []}, "shortest_path": {"executed_lines": [], "summary": {"covered_lines": 0, "num_statements": 7, "percent_covered": 0.0, "percent_covered_display": "0", "missing_lines": 7, "excluded_lines": 0, "percent_statements_covered": 0.0, "percent_statements_covered_display": "0"}, "missing_lines": [151, 152, 153, 154, 156, 160, 161], "excluded_lines": []}, "weyl_orbit": {"executed_lines": [], "summary": {"covered_lines": 0, "num_statements": 6, "percent_covered": 0.0, "percent_covered_display": "0", "missing_lines": 6, "excluded_lines": 0, "percent_statements_covered": 0.0, "percent_statements_covered_display": "0"}, "missing_lines": [169, 170, 171, 173, 177, 178], "excluded_lines": []}, "distance_metrics": {"executed_lines": [], "summary": {"covered_lines": 0, "num_statements": 7, "percent_covered": 0.0, "percent_covered_display": "0", "missing_lines": 7, "excluded_lines": 0, "percent_statements_covered": 0.0, "percent_statements_covered_display": "0"}, "missing_lines": [186, 187, 188, 189, 191, 198, 199], "excluded_lines": []}, "get_theta_coefficient": {"executed_lines": [], "summary": {"covered_lines": 0, "num_statements": 5, "percent_covered": 0.0, "percent_covered_display": "0", "missing_lines": 5, "excluded_lines": 0, "percent_statements_covered": 0.0, "percent_statements_covered_display": "0"}, "missing_lines": [207, 208, 209, 210, 211], "excluded_lines": []}, "link_to_qqf": {"executed_lines": [], "summary": {"covered_lines": 0, "num_statements": 6, "percent_covered": 0.0, "percent_covered_display": "0", "missing_lines": 6, "excluded_lines": 0, "percent_statements_covered": 0.0, "percent_statements_covered_display": "0"}, "missing_lines": [219, 220, 221, 223, 230, 231], "excluded_lines": []}, "predict_quorum_stability": {"executed_lines": [], "summary": {"covered_lines": 0, "num_statements": 6, "percent_covered": 0.0, "percent_covered_display": "0", "missing_lines": 6, "excluded_lines": 0, "percent_statements_covered": 0.0, "percent_statements_covered_display": "0"}, "missing_lines": [239, 240, 241, 243, 249, 250], "excluded_lines": []}, "": {"executed_lines": [1, 6, 7, 8, 9, 10, 12, 13, 15, 22, 31, 32, 33, 37, 38, 41, 42, 43, 44, 45, 46, 49, 50, 51, 54, 55, 56, 57, 60, 61, 62, 65, 66, 67, 70, 71, 72, 75, 76, 77, 78, 79, 80, 83, 84, 87, 88, 91, 92, 93, 94, 95, 98, 109, 110, 119, 120, 133, 134, 146, 147, 164, 165, 181, 182, 202, 203, 214, 215, 234, 235, 253], "summary": {"covered_lines": 71, "num_statements": 73, "percent_covered": 97.26027397260275, "percent_covered_display": "97", "missing_lines": 2, "excluded_lines": 0, "percent_statements_covered": 97.26027397260275, "percent_statements_covered_display": "97"}, "missing_lines": [254, 255], "excluded_lines": []}}, "classes": {"BIP32PathRequest": {"executed_lines": [], "summary": {"covered_lines": 0, "num_statements": 0, "percent_covered": 100.0, "percent_covered_display": "100", "missing_lines": 0, "excluded_lines": 0, "percent_statements_covered": 100.0, "percent_statements_covered_display": "100"}, "missing_lines": [], "excluded_lines": []}, "E8PointResponse": {"executed_lines": [], "summary": {"covered_lines": 0, "num_statements": 0, "percent_covered": 100.0, "percent_covered_display": "100", "missing_lines": 0, "excluded_lines": 0, "percent_statements_covered": 100.0, "percent_statements_covered_display": "100"}, "missing_lines": [], "excluded_lines": []}, "VerifyDelegationRequest": {"executed_lines": [], "summary": {"covered_lines": 0, "num_statements": 0, "percent_covered": 100.0, "percent_covered_display": "100", "missing_lines": 0, "excluded_lines": 0, "percent_statements_covered": 100.0, "percent_statements_covered_display": "100"}, "missing_lines": [], "excluded_lines": []}, "ShortestPathRequest": {"executed_lines": [], "summary": {"covered_lines": 0, "num_statements": 0, "percent_covered": 100.0, "percent_covered_display": "100", "missing_lines": 0, "excluded_lines": 0, "percent_statements_covered": 100.0, "percent_statements_covered_display": "100"}, "missing_lines": [], "excluded_lines": []}, "ShortestPathResponse": {"executed_lines": [], "summary": {"covered_lines": 0, "num_statements": 0, "percent_covered": 100.0, "percent_covered_display": "100", "missing_lines": 0, "excluded_lines": 0, "percent_statements_covered": 100.0, "percent_statements_covered_display": "100"}, "missing_lines": [], "excluded_lines": []}, "WeylOrbitRequest": {"executed_lines": [], "summary": {"covered_lines": 0, "num_statements": 0, "percent_covered": 100.0, "percent_covered_display": "100", "missing_lines": 0, "excluded_lines": 0, "percent_statements_covered": 100.0, "percent_statements_covered_display": "100"}, "missing_lines": [], "excluded_lines": []}, "WeylOrbitResponse": {"executed_lines": [], "summary": {"covered_lines": 0, "num_statements": 0, "percent_covered": 100.0, "percent_covered_display": "100", "missing_lines": 0, "excluded_lines": 0, "percent_statements_covered": 100.0, "percent_statements_covered_display": "100"}, "missing_lines": [], "excluded_lines": []}, "DistanceMetricsResponse": {"executed_lines": [], "summary": {"covered_lines": 0, "num_statements": 0, "percent_covered": 100.0, "percent_covered_display": "100", "missing_lines": 0, "excluded_lines": 0, "percent_statements_covered": 100.0, "percent_statements_covered_display": "100"}, "missing_lines": [], "excluded_lines": []}, "QQFLinkRequest": {"executed_lines": [], "summary": {"covered_lines": 0, "num_statements": 0, "percent_covered": 100.0, "percent_covered_display": "100", "missing_lines": 0, "excluded_lines": 0, "percent_statements_covered": 100.0, "percent_statements_covered_display": "100"}, "missing_lines": [], "excluded_lines": []}, "QuorumStabilityRequest": {"executed_lines": [], "summary": {"covered_lines": 0, "num_statements": 0, "percent_covered": 100.0, "percent_covered_display": "100", "missing_lines": 0, "excluded_lines": 0, "percent_statements_covered": 100.0, "percent_statements_covered_display": "100"}, "missing_lines": [], "excluded_lines": []}, "QuorumStabilityResponse": {"executed_lines": [], "summary": {"covered_lines": 0, "num_statements": 0, "percent_covered": 100.0, "percent_covered_display": "100", "missing_lines": 0, "excluded_lines": 0, "percent_statements_covered": 100.0, "percent_statements_covered_display": "100"}, "missing_lines": [], "excluded_lines": []}, "": {"executed_lines": [1, 6, 7, 8, 9, 10, 12, 13, 15, 22, 31, 32, 33, 37, 38, 41, 42, 43, 44, 45, 46, 49, 50, 51, 54, 55, 56, 57, 60, 61, 62, 65, 66, 67, 70, 71, 72, 75, 76, 77, 78, 79, 80, 83, 84, 87, 88, 91, 92, 93, 94, 95, 98, 109, 110, 119, 120, 133, 134, 146, 147, 164, 165, 181, 182, 202, 203, 214, 215, 234, 235, 253], "summary": {"covered_lines": 71, "num_statements": 123, "percent_covered": 57.72357723577236, "percent_covered_display": "58", "missing_lines": 52, "excluded_lines": 0, "percent_statements_covered": 57.72357723577236, "percent_statements_covered_display": "58"}, "missing_lines": [100, 112, 126, 127, 128, 129, 130, 138, 139, 140, 141, 142, 143, 151, 152, 153, 154, 156, 160, 161, 169, 170, 171, 173, 177, 178, 186, 187, 188, 189, 191, 198, 199, 207, 208, 209, 210, 211, 219, 220, 221, 223, 230, 231, 239, 240, 241, 243, 249, 250, 254, 255], "excluded_lines": []}}}, "services/e8-api/e8_core.py": {"executed_lines": [1, 24, 25, 26, 27, 28, 31, 32, 33, 34, 35, 36, 37, 39, 42, 46, 51, 52, 63, 64, 65, 66, 68, 78, 81, 82, 83, 84, 85, 86, 87, 88, 91, 92, 93, 94, 95, 96, 98, 100, 114, 125, 131, 132, 134, 136, 137, 138, 140, 188, 207, 261, 293, 325, 348, 388, 452, 510], "summary": {"covered_lines": 55, "num_statements": 204, "percent_covered": 26.96078431372549, "percent_covered_display": "27", "missing_lines": 149, "excluded_lines": 0, "percent_statements_covered": 26.96078431372549, "percent_statements_covered_display": "27"}, "missing_lines": [40, 44, 48, 155, 156, 157, 159, 162, 166, 167, 170, 173, 176, 177, 178, 179, 181, 198, 201, 202, 205, 217, 220, 221, 222, 224, 225, 226, 228, 229, 231, 232, 234, 235, 236, 237, 240, 241, 242, 249, 250, 252, 253, 256, 270, 271, 273, 274, 277, 278, 279, 286, 287, 288, 289, 291, 304, 305, 306, 308, 309, 310, 312, 313, 314, 315, 316, 319, 320, 321, 323, 336, 337, 338, 341, 345, 346, 359, 362, 365, 366, 369, 370, 375, 397, 398, 399, 401, 404, 405, 406, 407, 408, 409, 412, 418, 419, 420, 422, 423, 424, 425, 428, 429, 432, 433, 436, 437, 439, 440, 441, 442, 443, 445, 446, 447, 449, 461, 462, 463, 465, 468, 471, 475, 477, 479, 480, 481, 483, 484, 487, 490, 496, 498, 500, 502, 503, 504, 505, 507, 512, 513, 514, 515, 516, 519, 520, 521, 522], "excluded_lines": [], "functions": {"E8Point.__hash__": {"executed_lines": [], "summary": {"covered_lines": 0, "num_statements": 1, "percent_covered": 0.0, "percent_covered_display": "0", "missing_lines": 1, "excluded_lines": 0, "percent_statements_covered": 0.0, "percent_statements_covered_display": "0"}, "missing_lines": [40], "excluded_lines": []}, "E8Point.norm_squared": {"executed_lines": [], "summary": {"covered_lines": 0, "num_statements": 1, "percent_covered": 0.0, "percent_covered_display": "0", "missing_lines": 1, "excluded_lines": 0, "percent_statements_covered": 0.0, "percent_statements_covered_display": "0"}, "missing_lines": [44], "excluded_lines": []}, "E8Point.is_root": {"executed_lines": [], "summary": {"covered_lines": 0, "num_statements": 1, "percent_covered": 0.0, "percent_covered_display": "0", "missing_lines": 1, "excluded_lines": 0, "percent_statements_covered": 0.0, "percent_statements_covered_display": "0"}, "missing_lines": [48], "excluded_lines": []}, "E8Lattice.__init__": {"executed_lines": [64, 65, 66], "summary": {"covered_lines": 3, "num_statements": 3, "percent_covered": 100.0, "percent_covered_display": "100", "missing_lines": 0, "excluded_lines": 0, "percent_statements_covered": 100.0, "percent_statements_covered_display": "100"}, "missing_lines": [], "excluded_lines": []}, "E8Lattice._construct_roots": {"executed_lines": [78, 81, 82, 83, 84, 85, 86, 87, 88, 91, 92, 93, 94, 95, 96, 98], "summary": {"covered_lines": 16, "num_statements": 16, "percent_covered": 100.0, "percent_covered_display": "100", "missing_lines": 0, "excluded_lines": 0, "percent_statements_covered": 100.0, "percent_statements_covered_display": "100"}, "missing_lines": [], "excluded_lines": []}, "E8Lattice._get_simple_roots": {"executed_lines": [114], "summary": {"covered_lines": 1, "num_statements": 1, "percent_covered": 100.0, "percent_covered_display": "100", "missing_lines": 0, "excluded_lines": 0, "percent_statements_covered": 100.0, "percent_statements_covered_display": "100"}, "missing_lines": [], "excluded_lines": []}, "E8Lattice._construct_weyl_generators": {"executed_lines": [131, 132, 134, 136, 137, 138], "summary": {"covered_lines": 6, "num_statements": 6, "percent_covered": 100.0, "percent_covered_display": "100", "missing_lines": 0, "excluded_lines": 0, "percent_statements_covered": 100.0, "percent_statements_covered_display": "100"}, "missing_lines": [], "excluded_lines": []}, "E8Lattice.bip32_to_e8": {"executed_lines": [], "summary": {"covered_lines": 0, "num_statements": 14, "percent_covered": 0.0, "percent_covered_display": "0", "missing_lines": 14, "excluded_lines": 0, "percent_statements_covered": 0.0, "percent_statements_covered_display": "0"}, "missing_lines": [155, 156, 157, 159, 162, 166, 167, 170, 173, 176, 177, 178, 179, 181], "excluded_lines": []}, "E8Lattice._project_to_e8_lattice": {"executed_lines": [], "summary": {"covered_lines": 0, "num_statements": 4, "percent_covered": 0.0, "percent_covered_display": "0", "missing_lines": 4, "excluded_lines": 0, "percent_statements_covered": 0.0, "percent_statements_covered_display": "0"}, "missing_lines": [198, 201, 202, 205], "excluded_lines": []}, "E8Lattice.shortest_path": {"executed_lines": [], "summary": {"covered_lines": 0, "num_statements": 21, "percent_covered": 0.0, "percent_covered_display": "0", "missing_lines": 21, "excluded_lines": 0, "percent_statements_covered": 0.0, "percent_statements_covered_display": "0"}, "missing_lines": [217, 220, 221, 222, 224, 228, 229, 231, 232, 234, 235, 236, 237, 240, 241, 242, 249, 250, 252, 253, 256], "excluded_lines": []}, "E8Lattice.shortest_path.heuristic": {"executed_lines": [], "summary": {"covered_lines": 0, "num_statements": 2, "percent_covered": 0.0, "percent_covered_display": "0", "missing_lines": 2, "excluded_lines": 0, "percent_statements_covered": 0.0, "percent_statements_covered_display": "0"}, "missing_lines": [225, 226], "excluded_lines": []}, "E8Lattice.weyl_orbit": {"executed_lines": [], "summary": {"covered_lines": 0, "num_statements": 12, "percent_covered": 0.0, "percent_covered_display": "0", "missing_lines": 12, "excluded_lines": 0, "percent_statements_covered": 0.0, "percent_statements_covered_display": "0"}, "missing_lines": [270, 271, 273, 274, 277, 278, 279, 286, 287, 288, 289, 291], "excluded_lines": []}, "E8Lattice.padic_height": {"executed_lines": [], "summary": {"covered_lines": 0, "num_statements": 5, "percent_covered": 0.0, "percent_covered_display": "0", "missing_lines": 5, "excluded_lines": 0, "percent_statements_covered": 0.0, "percent_statements_covered_display": "0"}, "missing_lines": [304, 319, 320, 321, 323], "excluded_lines": []}, "E8Lattice.padic_height.ord_p": {"executed_lines": [], "summary": {"covered_lines": 0, "num_statements": 10, "percent_covered": 0.0, "percent_covered_display": "0", "missing_lines": 10, "excluded_lines": 0, "percent_statements_covered": 0.0, "percent_statements_covered_display": "0"}, "missing_lines": [305, 306, 308, 309, 310, 312, 313, 314, 315, 316], "excluded_lines": []}, "E8Lattice.verify_frbac_delegation": {"executed_lines": [], "summary": {"covered_lines": 0, "num_statements": 6, "percent_covered": 0.0, "percent_covered_display": "0", "missing_lines": 6, "excluded_lines": 0, "percent_statements_covered": 0.0, "percent_statements_covered_display": "0"}, "missing_lines": [336, 337, 338, 341, 345, 346], "excluded_lines": []}, "E8Lattice.distance_for_ml": {"executed_lines": [], "summary": {"covered_lines": 0, "num_statements": 7, "percent_covered": 0.0, "percent_covered_display": "0", "missing_lines": 7, "excluded_lines": 0, "percent_statements_covered": 0.0, "percent_statements_covered_display": "0"}, "missing_lines": [359, 362, 365, 366, 369, 370, 375], "excluded_lines": []}, "demo_bip32_e8_derivation": {"executed_lines": [], "summary": {"covered_lines": 0, "num_statements": 33, "percent_covered": 0.0, "percent_covered_display": "0", "missing_lines": 33, "excluded_lines": 0, "percent_statements_covered": 0.0, "percent_statements_covered_display": "0"}, "missing_lines": [397, 398, 399, 401, 404, 405, 406, 407, 408, 409, 412, 418, 419, 420, 422, 423, 424, 425, 428, 429, 432, 433, 436, 437, 439, 440, 441, 442, 443, 445, 446, 447, 449], "excluded_lines": []}, "demo_voter_ml_features": {"executed_lines": [], "summary": {"covered_lines": 0, "num_statements": 23, "percent_covered": 0.0, "percent_covered_display": "0", "missing_lines": 23, "excluded_lines": 0, "percent_statements_covered": 0.0, "percent_statements_covered_display": "0"}, "missing_lines": [461, 462, 463, 465, 468, 471, 475, 477, 479, 480, 481, 483, 484, 487, 490, 496, 498, 500, 502, 503, 504, 505, 507], "excluded_lines": []}, "": {"executed_lines": [1, 24, 25, 26, 27, 28, 31, 32, 33, 34, 35, 36, 37, 39, 42, 46, 51, 52, 63, 68, 100, 125, 140, 188, 207, 261, 293, 325, 348, 388, 452, 510], "summary": {"covered_lines": 29, "num_statements": 38, "percent_covered": 76.3157894736842, "percent_covered_display": "76", "missing_lines": 9, "excluded_lines": 0, "percent_statements_covered": 76.3157894736842, "percent_statements_covered_display": "76"}, "missing_lines": [512, 513, 514, 515, 516, 519, 520, 521, 522], "excluded_lines": []}}, "classes": {"E8Point": {"executed_lines": [], "summary": {"covered_lines": 0, "num_statements": 3, "percent_covered": 0.0, "percent_covered_display": "0", "missing_lines": 3, "excluded_lines": 0, "percent_statements_covered": 0.0, "percent_statements_covered_display": "0"}, "missing_lines": [40, 44, 48], "excluded_lines": []}, "E8Lattice": {"executed_lines": [64, 65, 66, 78, 81, 82, 83, 84, 85, 86, 87, 88, 91, 92, 93, 94, 95, 96, 98, 114, 131, 132, 134, 136, 137, 138], "summary": {"covered_lines": 26, "num_statements": 107, "percent_covered": 24.299065420560748, "percent_covered_display": "24", "missing_lines": 81, "excluded_lines": 0, "percent_statements_covered": 24.299065420560748, "percent_statements_covered_display": "24"}, "missing_lines": [155, 156, 157, 159, 162, 166, 167, 170, 173, 176, 177, 178, 179, 181, 198, 201, 202, 205, 217, 220, 221, 222, 224, 225, 226, 228, 229, 231, 232, 234, 235, 236, 237, 240, 241, 242, 249, 250, 252, 253, 256, 270, 271, 273, 274, 277, 278, 279, 286, 287, 288, 289, 291, 304, 305, 306, 308, 309, 310, 312, 313, 314, 315, 316, 319, 320, 321, 323, 336, 337, 338, 341, 345, 346, 359, 362, 365, 366, 369, 370, 375], "excluded_lines": []}, "": {"executed_lines": [1, 24, 25, 26, 27, 28, 31, 32, 33, 34, 35, 36, 37, 39, 42, 46, 51, 52, 63, 68, 100, 125, 140, 188, 207, 261, 293, 325, 348, 388, 452, 510], "summary": {"covered_lines": 29, "num_statements": 94, "percent_covered": 30.851063829787233, "percent_covered_display": "31", "missing_lines": 65, "excluded_lines": 0, "percent_statements_covered": 30.851063829787233, "percent_statements_covered_display": "31"}, "missing_lines": [397, 398, 399, 401, 404, 405, 406, 407, 408, 409, 412, 418, 419, 420, 422, 423, 424, 425, 428, 429, 432, 433, 436, 437, 439, 440, 441, 442, 443, 445, 446, 447, 449, 461, 462, 463, 465, 468, 471, 475, 477, 479, 480, 481, 483, 484, 487, 490, 496, 498, 500, 502, 503, 504, 505, 507, 512, 513, 514, 515, 516, 519, 520, 521, 522], "excluded_lines": []}}}, "services/e8-api/e8_theta.py": {"executed_lines": [1, 25, 26, 27, 28, 29, 30, 33, 34, 35, 36, 37, 38, 41, 42, 53, 60, 61, 63, 74, 76, 82, 85, 86, 87, 88, 91, 92, 93, 94, 97, 98, 100, 101, 102, 108, 110, 118, 123, 125, 126, 127, 128, 131, 132, 134, 135, 137, 139, 140, 154, 168, 182, 192, 213, 239, 259, 277, 322, 352, 353, 362, 363, 365, 393, 419, 445, 477, 507, 547], "summary": {"covered_lines": 66, "num_statements": 221, "percent_covered": 29.86425339366516, "percent_covered_display": "30", "missing_lines": 155, "excluded_lines": 0, "percent_statements_covered": 29.86425339366516, "percent_statements_covered_display": "30"}, "missing_lines": [146, 147, 148, 152, 161, 162, 165, 166, 177, 178, 179, 180, 189, 190, 200, 201, 203, 205, 206, 209, 211, 223, 224, 229, 237, 245, 246, 249, 250, 253, 254, 255, 257, 267, 268, 270, 271, 272, 273, 275, 293, 296, 297, 298, 299, 300, 301, 304, 307, 308, 309, 310, 311, 312, 313, 315, 330, 332, 335, 336, 337, 340, 342, 345, 374, 375, 377, 379, 383, 391, 402, 403, 404, 406, 407, 409, 412, 423, 424, 425, 427, 429, 430, 431, 433, 434, 437, 438, 439, 440, 442, 449, 450, 451, 453, 456, 458, 459, 462, 463, 464, 465, 466, 467, 470, 471, 472, 474, 481, 482, 483, 485, 488, 494, 495, 496, 498, 499, 500, 501, 502, 504, 511, 512, 513, 515, 516, 519, 521, 524, 526, 527, 529, 530, 531, 532, 533, 534, 535, 538, 539, 540, 541, 542, 544, 549, 550, 551, 552, 553, 554, 555, 557, 558, 559], "excluded_lines": [], "functions": {"E8ThetaSeries.__init__": {"executed_lines": [60, 61], "summary": {"covered_lines": 2, "num_statements": 2, "percent_covered": 100.0, "percent_covered_display": "100", "missing_lines": 0, "excluded_lines": 0, "percent_statements_covered": 100.0, "percent_statements_covered_display": "100"}, "missing_lines": [], "excluded_lines": []}, "E8ThetaSeries._compute_coefficients": {"executed_lines": [74, 76, 82, 85, 86, 87, 88, 91, 92, 93, 94, 97, 98, 100, 101, 102, 108], "summary": {"covered_lines": 17, "num_statements": 17, "percent_covered": 100.0, "percent_covered_display": "100", "missing_lines": 0, "excluded_lines": 0, "percent_statements_covered": 100.0, "percent_statements_covered_display": "100"}, "missing_lines": [], "excluded_lines": []}, "E8ThetaSeries._generate_lattice_points": {"executed_lines": [118, 123, 125, 126, 127, 128, 131, 132, 134, 135, 137], "summary": {"covered_lines": 11, "num_statements": 11, "percent_covered": 100.0, "percent_covered_display": "100", "missing_lines": 0, "excluded_lines": 0, "percent_statements_covered": 100.0, "percent_statements_covered_display": "100"}, "missing_lines": [], "excluded_lines": []}, "E8ThetaSeries.coefficient": {"executed_lines": [], "summary": {"covered_lines": 0, "num_statements": 4, "percent_covered": 0.0, "percent_covered_display": "0", "missing_lines": 4, "excluded_lines": 0, "percent_statements_covered": 0.0, "percent_statements_covered_display": "0"}, "missing_lines": [146, 147, 148, 152], "excluded_lines": []}, "E8ThetaSeries._estimate_coefficient": {"executed_lines": [], "summary": {"covered_lines": 0, "num_statements": 4, "percent_covered": 0.0, "percent_covered_display": "0", "missing_lines": 4, "excluded_lines": 0, "percent_statements_covered": 0.0, "percent_statements_covered_display": "0"}, "missing_lines": [161, 162, 165, 166], "excluded_lines": []}, "E8ThetaSeries.evaluate": {"executed_lines": [], "summary": {"covered_lines": 0, "num_statements": 4, "percent_covered": 0.0, "percent_covered_display": "0", "missing_lines": 4, "excluded_lines": 0, "percent_statements_covered": 0.0, "percent_statements_covered_display": "0"}, "missing_lines": [177, 178, 179, 180], "excluded_lines": []}, "E8ThetaSeries.evaluate_at_tau": {"executed_lines": [], "summary": {"covered_lines": 0, "num_statements": 2, "percent_covered": 0.0, "percent_covered_display": "0", "missing_lines": 2, "excluded_lines": 0, "percent_statements_covered": 0.0, "percent_statements_covered_display": "0"}, "missing_lines": [189, 190], "excluded_lines": []}, "E8ThetaSeries.modular_transformation": {"executed_lines": [], "summary": {"covered_lines": 0, "num_statements": 7, "percent_covered": 0.0, "percent_covered_display": "0", "missing_lines": 7, "excluded_lines": 0, "percent_statements_covered": 0.0, "percent_statements_covered_display": "0"}, "missing_lines": [200, 201, 203, 205, 206, 209, 211], "excluded_lines": []}, "E8ThetaSeries.link_to_qqf": {"executed_lines": [], "summary": {"covered_lines": 0, "num_statements": 4, "percent_covered": 0.0, "percent_covered_display": "0", "missing_lines": 4, "excluded_lines": 0, "percent_statements_covered": 0.0, "percent_statements_covered_display": "0"}, "missing_lines": [223, 224, 229, 237], "excluded_lines": []}, "E8ThetaSeries._estimate_growth_rate": {"executed_lines": [], "summary": {"covered_lines": 0, "num_statements": 8, "percent_covered": 0.0, "percent_covered_display": "0", "missing_lines": 8, "excluded_lines": 0, "percent_statements_covered": 0.0, "percent_statements_covered_display": "0"}, "missing_lines": [245, 246, 249, 250, 253, 254, 255, 257], "excluded_lines": []}, "E8ThetaSeries._check_ramanujan_form": {"executed_lines": [], "summary": {"covered_lines": 0, "num_statements": 7, "percent_covered": 0.0, "percent_covered_display": "0", "missing_lines": 7, "excluded_lines": 0, "percent_statements_covered": 0.0, "percent_statements_covered_display": "0"}, "missing_lines": [267, 268, 270, 271, 272, 273, 275], "excluded_lines": []}, "E8ThetaSeries.predict_quorum_stability": {"executed_lines": [], "summary": {"covered_lines": 0, "num_statements": 16, "percent_covered": 0.0, "percent_covered_display": "0", "missing_lines": 16, "excluded_lines": 0, "percent_statements_covered": 0.0, "percent_statements_covered_display": "0"}, "missing_lines": [293, 296, 297, 298, 299, 300, 301, 304, 307, 308, 309, 310, 311, 312, 313, 315], "excluded_lines": []}, "E8ThetaSeries.eisenstein_series_check": {"executed_lines": [], "summary": {"covered_lines": 0, "num_statements": 7, "percent_covered": 0.0, "percent_covered_display": "0", "missing_lines": 7, "excluded_lines": 0, "percent_statements_covered": 0.0, "percent_statements_covered_display": "0"}, "missing_lines": [330, 335, 336, 337, 340, 342, 345], "excluded_lines": []}, "E8ThetaSeries.eisenstein_series_check.sigma_k": {"executed_lines": [], "summary": {"covered_lines": 0, "num_statements": 1, "percent_covered": 0.0, "percent_covered_display": "0", "missing_lines": 1, "excluded_lines": 0, "percent_statements_covered": 0.0, "percent_statements_covered_display": "0"}, "missing_lines": [332], "excluded_lines": []}, "E8VoterPredictor.__init__": {"executed_lines": [363], "summary": {"covered_lines": 1, "num_statements": 1, "percent_covered": 100.0, "percent_covered_display": "100", "missing_lines": 0, "excluded_lines": 0, "percent_statements_covered": 100.0, "percent_statements_covered_display": "100"}, "missing_lines": [], "excluded_lines": []}, "E8VoterPredictor.augment_features": {"executed_lines": [], "summary": {"covered_lines": 0, "num_statements": 6, "percent_covered": 0.0, "percent_covered_display": "0", "missing_lines": 6, "excluded_lines": 0, "percent_statements_covered": 0.0, "percent_statements_covered_display": "0"}, "missing_lines": [374, 375, 377, 379, 383, 391], "excluded_lines": []}, "E8VoterPredictor.classify_quorum_type": {"executed_lines": [], "summary": {"covered_lines": 0, "num_statements": 7, "percent_covered": 0.0, "percent_covered_display": "0", "missing_lines": 7, "excluded_lines": 0, "percent_statements_covered": 0.0, "percent_statements_covered_display": "0"}, "missing_lines": [402, 403, 404, 406, 407, 409, 412], "excluded_lines": []}, "demo_theta_series_computation": {"executed_lines": [], "summary": {"covered_lines": 0, "num_statements": 14, "percent_covered": 0.0, "percent_covered_display": "0", "missing_lines": 14, "excluded_lines": 0, "percent_statements_covered": 0.0, "percent_statements_covered_display": "0"}, "missing_lines": [423, 424, 425, 427, 429, 430, 431, 433, 434, 437, 438, 439, 440, 442], "excluded_lines": []}, "demo_modular_form_properties": {"executed_lines": [], "summary": {"covered_lines": 0, "num_statements": 17, "percent_covered": 0.0, "percent_covered_display": "0", "missing_lines": 17, "excluded_lines": 0, "percent_statements_covered": 0.0, "percent_statements_covered_display": "0"}, "missing_lines": [449, 450, 451, 453, 456, 458, 459, 462, 463, 464, 465, 466, 467, 470, 471, 472, 474], "excluded_lines": []}, "demo_qqf_linkage": {"executed_lines": [], "summary": {"covered_lines": 0, "num_statements": 14, "percent_covered": 0.0, "percent_covered_display": "0", "missing_lines": 14, "excluded_lines": 0, "percent_statements_covered": 0.0, "percent_statements_covered_display": "0"}, "missing_lines": [481, 482, 483, 485, 488, 494, 495, 496, 498, 499, 500, 501, 502, 504], "excluded_lines": []}, "demo_voter_ml_integration": {"executed_lines": [], "summary": {"covered_lines": 0, "num_statements": 23, "percent_covered": 0.0, "percent_covered_display": "0", "missing_lines": 23, "excluded_lines": 0, "percent_statements_covered": 0.0, "percent_statements_covered_display": "0"}, "missing_lines": [511, 512, 513, 515, 516, 519, 521, 524, 526, 527, 529, 530, 531, 532, 533, 534, 535, 538, 539, 540, 541, 542, 544], "excluded_lines": []}, "": {"executed_lines": [1, 25, 26, 27, 28, 29, 30, 33, 34, 35, 36, 37, 38, 41, 42, 53, 63, 110, 139, 140, 154, 168, 182, 192, 213, 239, 259, 277, 322, 352, 353, 362, 365, 393, 419, 445, 477, 507, 547], "summary": {"covered_lines": 35, "num_statements": 45, "percent_covered": 77.77777777777777, "percent_covered_display": "78", "missing_lines": 10, "excluded_lines": 0, "percent_statements_covered": 77.77777777777777, "percent_statements_covered_display": "78"}, "missing_lines": [549, 550, 551, 552, 553, 554, 555, 557, 558, 559], "excluded_lines": []}}, "classes": {"ThetaCoefficient": {"executed_lines": [], "summary": {"covered_lines": 0, "num_statements": 0, "percent_covered": 100.0, "percent_covered_display": "100", "missing_lines": 0, "excluded_lines": 0, "percent_statements_covered": 100.0, "percent_statements_covered_display": "100"}, "missing_lines": [], "excluded_lines": []}, "E8ThetaSeries": {"executed_lines": [60, 61, 74, 76, 82, 85, 86, 87, 88, 91, 92, 93, 94, 97, 98, 100, 101, 102, 108, 118, 123, 125, 126, 127, 128, 131, 132, 134, 135, 137], "summary": {"covered_lines": 30, "num_statements": 94, "percent_covered": 31.914893617021278, "percent_covered_display": "32", "missing_lines": 64, "excluded_lines": 0, "percent_statements_covered": 31.914893617021278, "percent_statements_covered_display": "32"}, "missing_lines": [146, 147, 148, 152, 161, 162, 165, 166, 177, 178, 179, 180, 189, 190, 200, 201, 203, 205, 206, 209, 211, 223, 224, 229, 237, 245, 246, 249, 250, 253, 254, 255, 257, 267, 268, 270, 271, 272, 273, 275, 293, 296, 297, 298, 299, 300, 301, 304, 307, 308, 309, 310, 311, 312, 313, 315, 330, 332, 335, 336, 337, 340, 342, 345], "excluded_lines": []}, "E8VoterPredictor": {"executed_lines": [363], "summary": {"covered_lines": 1, "num_statements": 14, "percent_covered": 7.142857142857143, "percent_covered_display": "7", "missing_lines": 13, "excluded_lines": 0, "percent_statements_covered": 7.142857142857143, "percent_statements_covered_display": "7"}, "missing_lines": [374, 375, 377, 379, 383, 391, 402, 403, 404, 406, 407, 409, 412], "excluded_lines": []}, "": {"executed_lines": [1, 25, 26, 27, 28, 29, 30, 33, 34, 35, 36, 37, 38, 41, 42, 53, 63, 110, 139, 140, 154, 168, 182, 192, 213, 239, 259, 277, 322, 352, 353, 362, 365, 393, 419, 445, 477, 507, 547], "summary": {"covered_lines": 35, "num_statements": 113, "percent_covered": 30.97345132743363, "percent_covered_display": "31", "missing_lines": 78, "excluded_lines": 0, "percent_statements_covered": 30.97345132743363, "percent_statements_covered_display": "31"}, "missing_lines": [423, 424, 425, 427, 429, 430, 431, 433, 434, 437, 438, 439, 440, 442, 449, 450, 451, 453, 456, 458, 459, 462, 463, 464, 465, 466, 467, 470, 471, 472, 474, 481, 482, 483, 485, 488, 494, 495, 496, 498, 499, 500, 501, 502, 504, 511, 512, 513, 515, 516, 519, 521, 524, 526, 527, 529, 530, 531, 532, 533, 534, 535, 538, 539, 540, 541, 542, 544, 549, 550, 551, 552, 553, 554, 555, 557, 558, 559], "excluded_lines": []}}}, "services/e8-api/tests/__init__.py": {"executed_lines": [0], "summary": {"covered_lines": 0, "num_statements": 0, "percent_covered": 100.0, "percent_covered_display": "100", "missing_lines": 0, "excluded_lines": 0, "percent_statements_covered": 100.0, "percent_statements_covered_display": "100"}, "missing_lines": [], "excluded_lines": [], "functions": {"": {"executed_lines": [], "summary": {"covered_lines": 0, "num_statements": 0, "percent_covered": 100.0, "percent_covered_display": "100", "missing_lines": 0, "excluded_lines": 0, "percent_statements_covered": 100.0, "percent_statements_covered_display": "100"}, "missing_lines": [], "excluded_lines": []}}, "classes": {"": {"executed_lines": [], "summary": {"covered_lines": 0, "num_statements": 0, "percent_covered": 100.0, "percent_covered_display": "100", "missing_lines": 0, "excluded_lines": 0, "percent_statements_covered": 100.0, "percent_statements_covered_display": "100"}, "missing_lines": [], "excluded_lines": []}}}, "services/e8-api/tests/test_integration.py": {"executed_lines": [1, 6, 7, 8, 9, 11, 13], "summary": {"covered_lines": 6, "num_statements": 76, "percent_covered": 7.894736842105263, "percent_covered_display": "8", "missing_lines": 70, "excluded_lines": 0, "percent_statements_covered": 7.894736842105263, "percent_statements_covered_display": "8"}, "missing_lines": [16, 18, 19, 20, 21, 22, 23, 26, 28, 29, 30, 31, 32, 33, 34, 35, 38, 40, 47, 48, 51, 53, 61, 62, 63, 64, 65, 68, 70, 77, 78, 79, 80, 81, 84, 86, 93, 94, 95, 96, 97, 98, 99, 102, 104, 105, 106, 107, 108, 109, 110, 113, 115, 126, 127, 128, 129, 130, 131, 134, 136, 146, 147, 148, 149, 150, 151, 152, 155, 156], "excluded_lines": [], "functions": {"test_health_check": {"executed_lines": [], "summary": {"covered_lines": 0, "num_statements": 6, "percent_covered": 0.0, "percent_covered_display": "0", "missing_lines": 6, "excluded_lines": 0, "percent_statements_covered": 0.0, "percent_statements_covered_display": "0"}, "missing_lines": [18, 19, 20, 21, 22, 23], "excluded_lines": []}, "test_get_e8_point": {"executed_lines": [], "summary": {"covered_lines": 0, "num_statements": 8, "percent_covered": 0.0, "percent_covered_display": "0", "missing_lines": 8, "excluded_lines": 0, "percent_statements_covered": 0.0, "percent_statements_covered_display": "0"}, "missing_lines": [28, 29, 30, 31, 32, 33, 34, 35], "excluded_lines": []}, "test_verify_frbac_delegation": {"executed_lines": [], "summary": {"covered_lines": 0, "num_statements": 3, "percent_covered": 0.0, "percent_covered_display": "0", "missing_lines": 3, "excluded_lines": 0, "percent_statements_covered": 0.0, "percent_statements_covered_display": "0"}, "missing_lines": [40, 47, 48], "excluded_lines": []}, "test_shortest_path": {"executed_lines": [], "summary": {"covered_lines": 0, "num_statements": 6, "percent_covered": 0.0, "percent_covered_display": "0", "missing_lines": 6, "excluded_lines": 0, "percent_statements_covered": 0.0, "percent_statements_covered_display": "0"}, "missing_lines": [53, 61, 62, 63, 64, 65], "excluded_lines": []}, "test_weyl_orbit": {"executed_lines": [], "summary": {"covered_lines": 0, "num_statements": 6, "percent_covered": 0.0, "percent_covered_display": "0", "missing_lines": 6, "excluded_lines": 0, "percent_statements_covered": 0.0, "percent_statements_covered_display": "0"}, "missing_lines": [70, 77, 78, 79, 80, 81], "excluded_lines": []}, "test_distance_metrics": {"executed_lines": [], "summary": {"covered_lines": 0, "num_statements": 8, "percent_covered": 0.0, "percent_covered_display": "0", "missing_lines": 8, "excluded_lines": 0, "percent_statements_covered": 0.0, "percent_statements_covered_display": "0"}, "missing_lines": [86, 93, 94, 95, 96, 97, 98, 99], "excluded_lines": []}, "test_theta_coefficient": {"executed_lines": [], "summary": {"covered_lines": 0, "num_statements": 7, "percent_covered": 0.0, "percent_covered_display": "0", "missing_lines": 7, "excluded_lines": 0, "percent_statements_covered": 0.0, "percent_statements_covered_display": "0"}, "missing_lines": [104, 105, 106, 107, 108, 109, 110], "excluded_lines": []}, "test_qqf_link": {"executed_lines": [], "summary": {"covered_lines": 0, "num_statements": 7, "percent_covered": 0.0, "percent_covered_display": "0", "missing_lines": 7, "excluded_lines": 0, "percent_statements_covered": 0.0, "percent_statements_covered_display": "0"}, "missing_lines": [115, 126, 127, 128, 129, 130, 131], "excluded_lines": []}, "test_quorum_stability": {"executed_lines": [], "summary": {"covered_lines": 0, "num_statements": 8, "percent_covered": 0.0, "percent_covered_display": "0", "missing_lines": 8, "excluded_lines": 0, "percent_statements_covered": 0.0, "percent_statements_covered_display": "0"}, "missing_lines": [136, 146, 147, 148, 149, 150, 151, 152], "excluded_lines": []}, "": {"executed_lines": [1, 6, 7, 8, 9, 11, 13], "summary": {"covered_lines": 6, "num_statements": 17, "percent_covered": 35.294117647058826, "percent_covered_display": "35", "missing_lines": 11, "excluded_lines": 0, "percent_statements_covered": 35.294117647058826, "percent_statements_covered_display": "35"}, "missing_lines": [16, 26, 38, 51, 68, 84, 102, 113, 134, 155, 156], "excluded_lines": []}}, "classes": {"": {"executed_lines": [1, 6, 7, 8, 9, 11, 13], "summary": {"covered_lines": 6, "num_statements": 76, "percent_covered": 7.894736842105263, "percent_covered_display": "8", "missing_lines": 70, "excluded_lines": 0, "percent_statements_covered": 7.894736842105263, "percent_statements_covered_display": "8"}, "missing_lines": [16, 18, 19, 20, 21, 22, 23, 26, 28, 29, 30, 31, 32, 33, 34, 35, 38, 40, 47, 48, 51, 53, 61, 62, 63, 64, 65, 68, 70, 77, 78, 79, 80, 81, 84, 86, 93, 94, 95, 96, 97, 98, 99, 102, 104, 105, 106, 107, 108, 109, 110, 113, 115, 126, 127, 128, 129, 130, 131, 134, 136, 146, 147, 148, 149, 150, 151, 152, 155, 156], "excluded_lines": []}}}}, "totals": {"covered_lines": 198, "num_statements": 624, "percent_covered": 31.73076923076923, "percent_covered_display": "32", "missing_lines": 426, "excluded_lines": 0, "percent_statements_covered": 31.73076923076923, "percent_statements_covered_display": "32"}}